  [1m[36m (2.1ms)[0m  [1mCREATE TABLE "schema_migrations" ("version" varchar(255) NOT NULL) [0m
  [1m[35m (1.8ms)[0m  CREATE UNIQUE INDEX "unique_schema_migrations" ON "schema_migrations" ("version")
  [1m[36mActiveRecord::SchemaMigration Load (0.2ms)[0m  [1mSELECT "schema_migrations".* FROM "schema_migrations"[0m
Migrating to CreateProjects (20130228190011)
  [1m[35m (0.1ms)[0m  begin transaction
  [1m[36m (0.7ms)[0m  [1mCREATE TABLE "projects" ("id" INTEGER PRIMARY KEY AUTOINCREMENT NOT NULL, "name" varchar(255), "description" text, "target_pledge_amount" decimal, "created_at" datetime, "updated_at" datetime) [0m
  [1m[35mSQL (0.4ms)[0m  INSERT INTO "schema_migrations" ("version") VALUES (?)  [["version", "20130228190011"]]
  [1m[36m (2.3ms)[0m  [1mcommit transaction[0m
Migrating to AddFieldsToProjects (20130228190204)
  [1m[35m (0.1ms)[0m  begin transaction
  [1m[36m (0.5ms)[0m  [1mALTER TABLE "projects" ADD "website" varchar(255)[0m
  [1m[35m (0.2ms)[0m  ALTER TABLE "projects" ADD "pledging_ends_on" date
  [1m[36mSQL (0.4ms)[0m  [1mINSERT INTO "schema_migrations" ("version") VALUES (?)[0m  [["version", "20130228190204"]]
  [1m[35m (1.7ms)[0m  commit transaction
Migrating to AddMoreFieldsToProjects (20130228222855)
  [1m[36m (0.1ms)[0m  [1mbegin transaction[0m
  [1m[35m (0.5ms)[0m  ALTER TABLE "projects" ADD "team_members" varchar(255)
  [1m[36m (0.3ms)[0m  [1mALTER TABLE "projects" ADD "image_file_name" varchar(255)[0m
  [1m[35mSQL (0.4ms)[0m  INSERT INTO "schema_migrations" ("version") VALUES (?)  [["version", "20130228222855"]]
  [1m[36m (1.9ms)[0m  [1mcommit transaction[0m
  [1m[35mActiveRecord::SchemaMigration Load (0.2ms)[0m  SELECT "schema_migrations".* FROM "schema_migrations"
  [1m[36mActiveRecord::SchemaMigration Load (0.2ms)[0m  [1mSELECT "schema_migrations".* FROM "schema_migrations"[0m
  [1m[35m (0.1ms)[0m  begin transaction
  [1m[36mSQL (3.4ms)[0m  [1mINSERT INTO "projects" ("created_at", "description", "image_file_name", "name", "pledging_ends_on", "target_pledge_amount", "team_members", "updated_at", "website") VALUES (?, ?, ?, ?, ?, ?, ?, ?, ?)[0m  [["created_at", Wed, 22 Jan 2014 04:59:15 UTC +00:00], ["description", "A description of a start-up project"], ["image_file_name", "project-a.png"], ["name", "Start-Up Project"], ["pledging_ends_on", Thu, 23 Jan 2014], ["target_pledge_amount", #<BigDecimal:10337a830,'0.1E3',9(45)>], ["team_members", "Amber, John, Charles"], ["updated_at", Wed, 22 Jan 2014 04:59:15 UTC +00:00], ["website", "http://project-a.com"]]
  [1m[35m (1.6ms)[0m  commit transaction
  [1m[36m (0.1ms)[0m  [1mbegin transaction[0m
  [1m[35mSQL (0.5ms)[0m  INSERT INTO "projects" ("created_at", "description", "image_file_name", "name", "pledging_ends_on", "target_pledge_amount", "team_members", "updated_at", "website") VALUES (?, ?, ?, ?, ?, ?, ?, ?, ?)  [["created_at", Wed, 22 Jan 2014 04:59:15 UTC +00:00], ["description", "A description of a community project"], ["image_file_name", "project-b.png"], ["name", "Community Project"], ["pledging_ends_on", Wed, 29 Jan 2014], ["target_pledge_amount", #<BigDecimal:1009c3690,'0.2E3',9(45)>], ["team_members", "Diana, Jane, Joe"], ["updated_at", Wed, 22 Jan 2014 04:59:15 UTC +00:00], ["website", "http://project-b.com"]]
  [1m[36m (1.6ms)[0m  [1mcommit transaction[0m
  [1m[35m (0.1ms)[0m  begin transaction
  [1m[36mSQL (0.4ms)[0m  [1mINSERT INTO "projects" ("created_at", "description", "image_file_name", "name", "pledging_ends_on", "target_pledge_amount", "team_members", "updated_at", "website") VALUES (?, ?, ?, ?, ?, ?, ?, ?, ?)[0m  [["created_at", Wed, 22 Jan 2014 04:59:15 UTC +00:00], ["description", "A description of a person project"], ["image_file_name", "project-c.png"], ["name", "Personal Project"], ["pledging_ends_on", Sat, 22 Feb 2014], ["target_pledge_amount", #<BigDecimal:1033d0d48,'0.3E3',9(45)>], ["team_members", "Tom, Harry, Sally"], ["updated_at", Wed, 22 Jan 2014 04:59:15 UTC +00:00], ["website", "http://project-c.com"]]
  [1m[35m (2.2ms)[0m  commit transaction
  [1m[36m (3.0ms)[0m  [1mCREATE TABLE "projects" ("id" INTEGER PRIMARY KEY AUTOINCREMENT NOT NULL, "name" varchar(255), "description" text, "target_pledge_amount" decimal, "created_at" datetime, "updated_at" datetime, "website" varchar(255), "pledging_ends_on" date, "team_members" varchar(255), "image_file_name" varchar(255)) [0m
  [1m[35m (1.4ms)[0m  CREATE TABLE "schema_migrations" ("version" varchar(255) NOT NULL) 
  [1m[36m (2.1ms)[0m  [1mCREATE UNIQUE INDEX "unique_schema_migrations" ON "schema_migrations" ("version")[0m
  [1m[35m (0.1ms)[0m  SELECT version FROM "schema_migrations"
  [1m[36m (1.9ms)[0m  [1mINSERT INTO "schema_migrations" (version) VALUES ('20130228222855')[0m
  [1m[35m (1.7ms)[0m  INSERT INTO "schema_migrations" (version) VALUES ('20130228190011')
  [1m[36m (1.6ms)[0m  [1mINSERT INTO "schema_migrations" (version) VALUES ('20130228190204')[0m


Started GET "/" for 127.0.0.1 at 2014-01-21 23:00:41 -0600
  [1m[36mActiveRecord::SchemaMigration Load (0.2ms)[0m  [1mSELECT "schema_migrations".* FROM "schema_migrations"[0m
Processing by ProjectsController#index as HTML
  [1m[35mProject Load (0.4ms)[0m  SELECT "projects".* FROM "projects" WHERE (pledging_ends_on >= '2014-01-22 05:00:41.734234') ORDER BY pledging_ends_on asc
  Rendered projects/index.html.erb within layouts/application (66.0ms)
  Rendered layouts/_header.html.erb (1.2ms)
  Rendered layouts/_sidebar.html.erb (1.1ms)
  Rendered layouts/_footer.html.erb (0.5ms)
Completed 200 OK in 1892ms (Views: 1853.7ms | ActiveRecord: 1.1ms)


Started GET "/assets/project-a.png" for 127.0.0.1 at 2014-01-21 23:00:43 -0600


Started GET "/assets/projects.css?body=1" for 127.0.0.1 at 2014-01-21 23:00:43 -0600


Started GET "/assets/projects.js?body=1" for 127.0.0.1 at 2014-01-21 23:00:43 -0600


Started GET "/assets/turbolinks.js?body=1" for 127.0.0.1 at 2014-01-21 23:00:43 -0600


Started GET "/assets/jquery.js?body=1" for 127.0.0.1 at 2014-01-21 23:00:43 -0600


Started GET "/assets/jquery_ujs.js?body=1" for 127.0.0.1 at 2014-01-21 23:00:43 -0600


Started GET "/assets/application.js?body=1" for 127.0.0.1 at 2014-01-21 23:00:43 -0600


Started GET "/assets/project-b.png" for 127.0.0.1 at 2014-01-21 23:00:43 -0600


Started GET "/assets/project-c.png" for 127.0.0.1 at 2014-01-21 23:00:43 -0600
  [1m[36mActiveRecord::SchemaMigration Load (0.3ms)[0m  [1mSELECT "schema_migrations".* FROM "schema_migrations"[0m
Migrating to CreatePledges (20140123052758)
  [1m[35m (0.1ms)[0m  begin transaction
  [1m[36m (0.7ms)[0m  [1mCREATE TABLE "pledges" ("id" INTEGER PRIMARY KEY AUTOINCREMENT NOT NULL, "name" varchar(255), "email" varchar(255), "amount" decimal, "created_at" datetime, "updated_at" datetime) [0m
  [1m[35mSQL (0.8ms)[0m  INSERT INTO "schema_migrations" ("version") VALUES (?)  [["version", "20140123052758"]]
  [1m[36m (2.5ms)[0m  [1mcommit transaction[0m
  [1m[35mActiveRecord::SchemaMigration Load (0.1ms)[0m  SELECT "schema_migrations".* FROM "schema_migrations"
  [1m[36m (2.2ms)[0m  [1mCREATE TABLE "pledges" ("id" INTEGER PRIMARY KEY AUTOINCREMENT NOT NULL, "name" varchar(255), "email" varchar(255), "amount" decimal, "created_at" datetime, "updated_at" datetime) [0m
  [1m[35m (1.6ms)[0m  CREATE TABLE "projects" ("id" INTEGER PRIMARY KEY AUTOINCREMENT NOT NULL, "name" varchar(255), "description" text, "target_pledge_amount" decimal, "created_at" datetime, "updated_at" datetime, "website" varchar(255), "pledging_ends_on" date, "team_members" varchar(255), "image_file_name" varchar(255)) 
  [1m[36m (2.0ms)[0m  [1mCREATE TABLE "schema_migrations" ("version" varchar(255) NOT NULL) [0m
  [1m[35m (1.8ms)[0m  CREATE UNIQUE INDEX "unique_schema_migrations" ON "schema_migrations" ("version")
  [1m[36m (0.1ms)[0m  [1mSELECT version FROM "schema_migrations"[0m
  [1m[35m (1.8ms)[0m  INSERT INTO "schema_migrations" (version) VALUES ('20140123052758')
  [1m[36m (1.7ms)[0m  [1mINSERT INTO "schema_migrations" (version) VALUES ('20130228190011')[0m
  [1m[35m (1.7ms)[0m  INSERT INTO "schema_migrations" (version) VALUES ('20130228190204')
  [1m[36m (1.8ms)[0m  [1mINSERT INTO "schema_migrations" (version) VALUES ('20130228222855')[0m
  [1m[36mActiveRecord::SchemaMigration Load (0.2ms)[0m  [1mSELECT "schema_migrations".* FROM "schema_migrations"[0m
Migrating to AddCommentToPledges (20140123231750)
  [1m[35m (0.1ms)[0m  begin transaction
  [1m[36m (15.3ms)[0m  [1mALTER TABLE "pledges" ADD "comment" text[0m
  [1m[35mSQL (0.8ms)[0m  INSERT INTO "schema_migrations" ("version") VALUES (?)  [["version", "20140123231750"]]
  [1m[36m (1.6ms)[0m  [1mcommit transaction[0m
  [1m[35mActiveRecord::SchemaMigration Load (0.2ms)[0m  SELECT "schema_migrations".* FROM "schema_migrations"
  [1m[36m (2.3ms)[0m  [1mCREATE TABLE "pledges" ("id" INTEGER PRIMARY KEY AUTOINCREMENT NOT NULL, "name" varchar(255), "email" varchar(255), "amount" decimal, "created_at" datetime, "updated_at" datetime, "comment" text) [0m
  [1m[35m (1.7ms)[0m  CREATE TABLE "projects" ("id" INTEGER PRIMARY KEY AUTOINCREMENT NOT NULL, "name" varchar(255), "description" text, "target_pledge_amount" decimal, "created_at" datetime, "updated_at" datetime, "website" varchar(255), "pledging_ends_on" date, "team_members" varchar(255), "image_file_name" varchar(255)) 
  [1m[36m (1.7ms)[0m  [1mCREATE TABLE "schema_migrations" ("version" varchar(255) NOT NULL) [0m
  [1m[35m (91.3ms)[0m  CREATE UNIQUE INDEX "unique_schema_migrations" ON "schema_migrations" ("version")
  [1m[36m (0.2ms)[0m  [1mSELECT version FROM "schema_migrations"[0m
  [1m[35m (2.1ms)[0m  INSERT INTO "schema_migrations" (version) VALUES ('20140123231750')
  [1m[36m (1.9ms)[0m  [1mINSERT INTO "schema_migrations" (version) VALUES ('20130228190011')[0m
  [1m[35m (1.7ms)[0m  INSERT INTO "schema_migrations" (version) VALUES ('20130228190204')
  [1m[36m (1.9ms)[0m  [1mINSERT INTO "schema_migrations" (version) VALUES ('20130228222855')[0m
  [1m[35m (1.8ms)[0m  INSERT INTO "schema_migrations" (version) VALUES ('20140123052758')
  [1m[36mActiveRecord::SchemaMigration Load (0.2ms)[0m  [1mSELECT "schema_migrations".* FROM "schema_migrations"[0m
Migrating to AddProjectRefToPledges (20140123232700)
  [1m[35m (0.1ms)[0m  begin transaction
  [1m[36m (0.9ms)[0m  [1mALTER TABLE "pledges" ADD "project_id" integer[0m
  [1m[35m (0.2ms)[0m  CREATE INDEX "index_pledges_on_project_id" ON "pledges" ("project_id")
  [1m[36mSQL (0.5ms)[0m  [1mINSERT INTO "schema_migrations" ("version") VALUES (?)[0m  [["version", "20140123232700"]]
  [1m[35m (2.7ms)[0m  commit transaction
  [1m[36mActiveRecord::SchemaMigration Load (0.1ms)[0m  [1mSELECT "schema_migrations".* FROM "schema_migrations"[0m
  [1m[36m (2.6ms)[0m  [1mCREATE TABLE "pledges" ("id" INTEGER PRIMARY KEY AUTOINCREMENT NOT NULL, "name" varchar(255), "email" varchar(255), "amount" decimal, "created_at" datetime, "updated_at" datetime, "comment" text, "project_id" integer) [0m
  [1m[35m (1.6ms)[0m  CREATE INDEX "index_pledges_on_project_id" ON "pledges" ("project_id")
  [1m[36m (1.9ms)[0m  [1mCREATE TABLE "projects" ("id" INTEGER PRIMARY KEY AUTOINCREMENT NOT NULL, "name" varchar(255), "description" text, "target_pledge_amount" decimal, "created_at" datetime, "updated_at" datetime, "website" varchar(255), "pledging_ends_on" date, "team_members" varchar(255), "image_file_name" varchar(255)) [0m
  [1m[35m (1.7ms)[0m  CREATE TABLE "schema_migrations" ("version" varchar(255) NOT NULL) 
  [1m[36m (2.0ms)[0m  [1mCREATE UNIQUE INDEX "unique_schema_migrations" ON "schema_migrations" ("version")[0m
  [1m[35m (0.1ms)[0m  SELECT version FROM "schema_migrations"
  [1m[36m (2.2ms)[0m  [1mINSERT INTO "schema_migrations" (version) VALUES ('20140123232700')[0m
  [1m[35m (1.8ms)[0m  INSERT INTO "schema_migrations" (version) VALUES ('20130228190011')
  [1m[36m (2.3ms)[0m  [1mINSERT INTO "schema_migrations" (version) VALUES ('20130228190204')[0m
  [1m[35m (1.6ms)[0m  INSERT INTO "schema_migrations" (version) VALUES ('20130228222855')
  [1m[36m (1.7ms)[0m  [1mINSERT INTO "schema_migrations" (version) VALUES ('20140123052758')[0m
  [1m[35m (1.7ms)[0m  INSERT INTO "schema_migrations" (version) VALUES ('20140123231750')


Started GET "/" for 127.0.0.1 at 2014-01-24 10:44:16 -0600
  [1m[36mActiveRecord::SchemaMigration Load (0.3ms)[0m  [1mSELECT "schema_migrations".* FROM "schema_migrations"[0m
Processing by ProjectsController#index as HTML
  [1m[35mProject Load (0.9ms)[0m  SELECT "projects".* FROM "projects" WHERE (pledging_ends_on >= '2014-01-24 16:44:16.490527') ORDER BY pledging_ends_on asc
  Rendered projects/index.html.erb within layouts/application (71.2ms)
  Rendered layouts/_header.html.erb (1.5ms)
  Rendered layouts/_flashes.html.erb (1.0ms)
  Rendered layouts/_sidebar.html.erb (1.0ms)
  Rendered layouts/_footer.html.erb (0.4ms)
Completed 200 OK in 639ms (Views: 595.5ms | ActiveRecord: 1.3ms)


Started GET "/assets/elements.css?body=1" for 127.0.0.1 at 2014-01-24 10:44:17 -0600


Started GET "/assets/normalize.css?body=1" for 127.0.0.1 at 2014-01-24 10:44:17 -0600


Started GET "/assets/pledges.js?body=1" for 127.0.0.1 at 2014-01-24 10:44:17 -0600


Started GET "/assets/project-b.png" for 127.0.0.1 at 2014-01-24 10:44:17 -0600


Started GET "/assets/application.css?body=1" for 127.0.0.1 at 2014-01-24 10:44:17 -0600


Started GET "/assets/layout.css?body=1" for 127.0.0.1 at 2014-01-24 10:44:17 -0600


Started GET "/assets/projects.css?body=1" for 127.0.0.1 at 2014-01-24 10:44:17 -0600


Started GET "/assets/buttons.css?body=1" for 127.0.0.1 at 2014-01-24 10:44:17 -0600


Started GET "/assets/forms.css?body=1" for 127.0.0.1 at 2014-01-24 10:44:17 -0600


Started GET "/assets/jquery.js?body=1" for 127.0.0.1 at 2014-01-24 10:44:17 -0600


Started GET "/assets/turbolinks.js?body=1" for 127.0.0.1 at 2014-01-24 10:44:17 -0600


Started GET "/assets/project-c.png" for 127.0.0.1 at 2014-01-24 10:44:17 -0600


Started GET "/assets/projects.js?body=1" for 127.0.0.1 at 2014-01-24 10:44:17 -0600


Started GET "/assets/jquery_ujs.js?body=1" for 127.0.0.1 at 2014-01-24 10:44:17 -0600


Started GET "/assets/application.js?body=1" for 127.0.0.1 at 2014-01-24 10:44:17 -0600


Started GET "/assets/background.jpg" for 127.0.0.1 at 2014-01-24 10:44:17 -0600


Started GET "/assets/logo.png" for 127.0.0.1 at 2014-01-24 10:44:17 -0600


Started GET "/assets/arrow.png" for 127.0.0.1 at 2014-01-24 10:44:17 -0600


Started GET "/assets/add.png" for 127.0.0.1 at 2014-01-24 10:44:17 -0600


Started GET "/projects/2" for 127.0.0.1 at 2014-01-24 10:44:20 -0600
Processing by ProjectsController#show as HTML
  Parameters: {"id"=>"2"}
  [1m[36mProject Load (1.0ms)[0m  [1mSELECT "projects".* FROM "projects" WHERE "projects"."id" = ? LIMIT 1[0m  [["id", "2"]]
  [1m[35m (21.8ms)[0m  SELECT SUM("pledges"."amount") AS sum_id FROM "pledges" WHERE "pledges"."project_id" = ?  [["project_id", 2]]
  [1m[36m (0.3ms)[0m  [1mSELECT COUNT(*) FROM "pledges" WHERE "pledges"."project_id" = ?[0m  [["project_id", 2]]
  [1m[35mCACHE (0.0ms)[0m  SELECT SUM("pledges"."amount") AS sum_id FROM "pledges" WHERE "pledges"."project_id" = ?  [["project_id", 2]]
  [1m[36mCACHE (0.0ms)[0m  [1mSELECT SUM("pledges"."amount") AS sum_id FROM "pledges" WHERE "pledges"."project_id" = ?[0m  [["project_id", 2]]
  Rendered projects/show.html.erb within layouts/application (120.5ms)
  Rendered layouts/_header.html.erb (0.8ms)
  Rendered layouts/_flashes.html.erb (0.6ms)
  Rendered layouts/_sidebar.html.erb (1.0ms)
  Rendered layouts/_footer.html.erb (0.4ms)
Completed 200 OK in 305ms (Views: 268.7ms | ActiveRecord: 23.6ms)


Started GET "/projects/2/pledges" for 127.0.0.1 at 2014-01-24 10:44:25 -0600
Processing by PledgesController#index as HTML
  Parameters: {"project_id"=>"2"}
  [1m[35mProject Load (0.4ms)[0m  SELECT "projects".* FROM "projects" WHERE "projects"."id" = ? LIMIT 1  [["id", "2"]]
  [1m[36mPledge Load (0.3ms)[0m  [1mSELECT "pledges".* FROM "pledges" WHERE "pledges"."project_id" = ?[0m  [["project_id", 2]]
  Rendered pledges/index.html.erb within layouts/application (3.0ms)
  Rendered layouts/_header.html.erb (0.2ms)
  Rendered layouts/_flashes.html.erb (0.1ms)
  Rendered layouts/_sidebar.html.erb (0.8ms)
  Rendered layouts/_footer.html.erb (0.1ms)
Completed 200 OK in 30ms (Views: 25.5ms | ActiveRecord: 0.7ms)


Started GET "/projects/3" for 127.0.0.1 at 2014-01-24 10:44:30 -0600
Processing by ProjectsController#show as HTML
  Parameters: {"id"=>"3"}
  [1m[35mProject Load (0.2ms)[0m  SELECT "projects".* FROM "projects" WHERE "projects"."id" = ? LIMIT 1  [["id", "3"]]
  [1m[36m (0.2ms)[0m  [1mSELECT SUM("pledges"."amount") AS sum_id FROM "pledges" WHERE "pledges"."project_id" = ?[0m  [["project_id", 3]]
  [1m[35m (0.2ms)[0m  SELECT COUNT(*) FROM "pledges" WHERE "pledges"."project_id" = ?  [["project_id", 3]]
  [1m[36mCACHE (0.0ms)[0m  [1mSELECT SUM("pledges"."amount") AS sum_id FROM "pledges" WHERE "pledges"."project_id" = ?[0m  [["project_id", 3]]
  [1m[35mCACHE (0.0ms)[0m  SELECT SUM("pledges"."amount") AS sum_id FROM "pledges" WHERE "pledges"."project_id" = ?  [["project_id", 3]]
  Rendered projects/show.html.erb within layouts/application (13.0ms)
  Rendered layouts/_header.html.erb (0.2ms)
  Rendered layouts/_flashes.html.erb (0.2ms)
  Rendered layouts/_sidebar.html.erb (0.3ms)
  Rendered layouts/_footer.html.erb (0.1ms)
Completed 200 OK in 41ms (Views: 36.1ms | ActiveRecord: 0.7ms)


Started GET "/projects/3/pledges" for 127.0.0.1 at 2014-01-24 10:44:32 -0600
Processing by PledgesController#index as HTML
  Parameters: {"project_id"=>"3"}
  [1m[36mProject Load (0.2ms)[0m  [1mSELECT "projects".* FROM "projects" WHERE "projects"."id" = ? LIMIT 1[0m  [["id", "3"]]
  [1m[35mPledge Load (0.2ms)[0m  SELECT "pledges".* FROM "pledges" WHERE "pledges"."project_id" = ?  [["project_id", 3]]
  Rendered pledges/index.html.erb within layouts/application (1.5ms)
  Rendered layouts/_header.html.erb (0.2ms)
  Rendered layouts/_flashes.html.erb (0.1ms)
  Rendered layouts/_sidebar.html.erb (0.3ms)
  Rendered layouts/_footer.html.erb (0.1ms)
Completed 200 OK in 31ms (Views: 29.1ms | ActiveRecord: 0.4ms)


Started GET "/" for 127.0.0.1 at 2014-01-24 10:44:34 -0600
Processing by ProjectsController#index as HTML
  [1m[36mProject Load (0.4ms)[0m  [1mSELECT "projects".* FROM "projects" WHERE (pledging_ends_on >= '2014-01-24 16:44:34.555822') ORDER BY pledging_ends_on asc[0m
  Rendered projects/index.html.erb within layouts/application (16.1ms)
  Rendered layouts/_header.html.erb (0.2ms)
  Rendered layouts/_flashes.html.erb (0.1ms)
  Rendered layouts/_sidebar.html.erb (0.3ms)
  Rendered layouts/_footer.html.erb (0.1ms)
Completed 200 OK in 33ms (Views: 31.0ms | ActiveRecord: 0.4ms)
